2025-10-18 20:19:05,643 - ArchivalOrchestrator - INFO - ================================================================================
2025-10-18 20:19:05,643 - ArchivalOrchestrator - INFO - SYSTEM STATUS
2025-10-18 20:19:05,643 - ArchivalOrchestrator - INFO - ================================================================================
2025-10-18 20:19:05,647 - ArchivalOrchestrator - ERROR - Error getting system status: SQL execution failed: ('01000', "[01000] [unixODBC][Driver Manager]Can't open lib 'ODBC Driver 18 for SQL Server' : file not found (0) (SQLDriverConnect)")
2025-10-18 20:26:17,603 - ArchivalOrchestrator - INFO - ================================================================================
2025-10-18 20:26:17,603 - ArchivalOrchestrator - INFO - SYSTEM STATUS
2025-10-18 20:26:17,603 - ArchivalOrchestrator - INFO - ================================================================================
2025-10-18 20:26:17,746 - ArchivalOrchestrator - ERROR - Error getting system status: SQL execution failed: ('IM004', "[IM004] [unixODBC][Driver Manager]Driver's SQLAllocHandle on SQL_HANDLE_HENV failed (0) (SQLDriverConnect)")
2025-10-18 20:29:53,781 - ArchivalOrchestrator - INFO - ================================================================================
2025-10-18 20:29:53,781 - ArchivalOrchestrator - INFO - SYSTEM STATUS
2025-10-18 20:29:53,781 - ArchivalOrchestrator - INFO - ================================================================================
2025-10-18 20:29:53,782 - ArchivalOrchestrator - ERROR - Error getting system status: SQL execution failed: ('01000', "[01000] [unixODBC][Driver Manager]Can't open lib 'ODBC Driver 18 for SQL Server' : file not found (0) (SQLDriverConnect)")
2025-10-18 20:33:30,204 - ArchivalOrchestrator - INFO - ================================================================================
2025-10-18 20:33:30,205 - ArchivalOrchestrator - INFO - SYSTEM STATUS
2025-10-18 20:33:30,205 - ArchivalOrchestrator - INFO - ================================================================================
2025-10-18 20:33:30,206 - ArchivalOrchestrator - ERROR - Error getting system status: SQL execution failed: ('01000', "[01000] [unixODBC][Driver Manager]Can't open lib 'ODBC Driver 18 for SQL Server' : file not found (0) (SQLDriverConnect)")
2025-10-18 20:41:52,903 - ArchivalOrchestrator - INFO - ================================================================================
2025-10-18 20:41:52,903 - ArchivalOrchestrator - INFO - SYSTEM STATUS
2025-10-18 20:41:52,903 - ArchivalOrchestrator - INFO - ================================================================================
2025-10-18 20:41:52,903 - ArchivalOrchestrator - ERROR - Error getting system status: SQL execution failed: connect() got an unexpected keyword argument 'trusted'
2025-10-18 20:41:59,953 - ArchivalOrchestrator - INFO - ================================================================================
2025-10-18 20:41:59,954 - ArchivalOrchestrator - INFO - SYSTEM STATUS
2025-10-18 20:41:59,954 - ArchivalOrchestrator - INFO - ================================================================================
2025-10-18 20:42:00,003 - ArchivalOrchestrator - INFO - Configured Tables: 1
2025-10-18 20:42:00,003 - ArchivalOrchestrator - INFO -   - TestDB TestTable True True 1 None
2025-10-18 20:42:00,021 - ArchivalOrchestrator - INFO - \nRecent Executions (Last 24h):
2025-10-18 20:42:00,021 - ArchivalOrchestrator - INFO -   FAILED LIFECYCLE None None 6
2025-10-18 20:42:00,021 - ArchivalOrchestrator - INFO -   RUNNING ARCHIVAL TestDB TestTable 6
2025-10-18 20:42:00,021 - ArchivalOrchestrator - INFO -   RUNNING ARCHIVAL TestDB TestTable 6
2025-10-18 20:42:00,021 - ArchivalOrchestrator - INFO -   RUNNING ARCHIVAL TestDB TestTable 7
2025-10-18 20:42:00,021 - ArchivalOrchestrator - INFO -   RUNNING ARCHIVAL TestDB TestTable 20
2025-10-18 20:42:00,021 - ArchivalOrchestrator - INFO -   FAILED ARCHIVAL TestDB TestTable 20
2025-10-18 20:42:00,096 - ArchivalOrchestrator - INFO - \nArchive Database Status:
2025-10-18 20:42:03,582 - ArchivalOrchestrator - INFO - ================================================================================
2025-10-18 20:42:03,582 - ArchivalOrchestrator - INFO - MONTHLY ARCHIVAL WORKFLOW - Batch ID: b5453787-3e83-42a2-b4e6-c2bf7ce6f5a3
2025-10-18 20:42:03,582 - ArchivalOrchestrator - INFO - Started: 2025-10-18 20:42:03
2025-10-18 20:42:03,582 - ArchivalOrchestrator - INFO - ================================================================================
2025-10-18 20:42:03,582 - ArchivalOrchestrator - INFO - Validating system prerequisites...
2025-10-18 20:42:03,779 - ArchivalOrchestrator - INFO - ✓ All prerequisites validated successfully
2025-10-18 20:42:03,779 - ArchivalOrchestrator - INFO - Checking for running or failed executions...
2025-10-18 20:42:03,795 - ArchivalOrchestrator - WARNING - Found running or failed executions:
2025-10-18 20:42:03,795 - ArchivalOrchestrator - WARNING - e661d323-2bef-4727-a181-0538280a1667 3df57f82-cc6c-4ada-905b-b42681390ff7 LIFECYCLE None None ARCHIVE Running disposal workflow FAILED 6 329 0 Invalid object name 'archive_db.TestDB.TestTable_Archive'. True False
1c3eb41f-7b71-4b83-8d76-329d7325a70a 4abece8f-e140-4249-8c8f-d5b639740d72 ARCHIVAL TestDB TestTable PREPARE None RUNNING 6 342 0 None True False
11c3ccff-5171-4685-943e-476fd59e6035 303c8e10-5b80-4c24-9c46-9b802f02ee5c ARCHIVAL TestDB TestTable PREPARE None RUNNING 6 350 0 None True False
ebb779ec-7e39-478a-8db3-04597b746fe5 97ec026b-fb16-469a-90e0-53b79e26532c ARCHIVAL TestDB TestTable PREPARE None RUNNING 7 394 0 None True False
30e277c3-f545-462e-8e2c-1685bc1c742f 8af877eb-2ecc-480e-9aee-d7eabdcb8327 ARCHIVAL TestDB TestTable PREPARE None RUNNING 20 1154 0 None True False
7626c1b3-d48c-4c72-8c3d-045a477ded64 5f19e2b9-e715-4fcf-a5f6-41f51e5b23c7 ARCHIVAL TestDB TestTable MOVE None FAILED 20 1178 1 Simulated test failure True False
2025-10-18 20:42:03,795 - ArchivalOrchestrator - INFO - Attempting to resume failed executions...
2025-10-18 20:42:03,823 - ArchivalOrchestrator - INFO - Executing archival workflow...
2025-10-18 20:42:03,848 - ArchivalOrchestrator - INFO - ✓ Archival workflow completed successfully
